<?xml version="1.0" encoding="UTF-8"?>
<!-- Generated by org.testng.reporters.JUnitReportReporter -->
<testsuite hostname="DESKTOP-16K4T19" failures="0" tests="1" name="TestCases.VerifySignupPage" time="22.807" errors="0" timestamp="2023-02-13T16:20:52 IST" skipped="0">
  <testcase classname="TestCases.VerifySignupPage" name="signup" time="22.807"/>
  <system-out/>
</testsuite> <!-- TestCases.VerifySignupPage -->
