<?xml version="1.0" encoding="UTF-8"?>
<!-- Generated by org.testng.reporters.JUnitReportReporter -->
<testsuite hostname="DESKTOP-16K4T19" failures="0" tests="3" name="TestCases.VerifyLoginPage" time="15.843" errors="0" timestamp="2023-02-13T22:06:09 IST" skipped="0">
  <testcase classname="TestCases.VerifyLoginPage" name="login" time="6.163"/>
  <system-out/>
  <testcase classname="TestCases.VerifyLoginPage" name="login" time="4.531"/>
  <system-out/>
  <testcase classname="TestCases.VerifyLoginPage" name="login" time="5.149"/>
  <system-out/>
</testsuite> <!-- TestCases.VerifyLoginPage -->
