<?xml version="1.0" encoding="UTF-8"?>
<!-- Generated by org.testng.reporters.JUnitReportReporter -->
<testsuite hostname="DESKTOP-16K4T19" failures="0" tests="1" name="TestCases.VerifyGoibio" time="19.452" errors="0" timestamp="2023-02-16T20:52:31 IST" skipped="0">
  <testcase classname="TestCases.VerifyGoibio" name="goibio" time="19.452"/>
  <system-out/>
</testsuite> <!-- TestCases.VerifyGoibio -->
