<?xml version="1.0" encoding="UTF-8"?>
<!-- Generated by org.testng.reporters.JUnitReportReporter -->
<testsuite hostname="DESKTOP-16K4T19" failures="0" tests="2" name="TestCases.VerifyLoginPage1" time="40.964" errors="0" timestamp="2023-02-13T18:00:32 IST" skipped="0">
  <testcase classname="TestCases.VerifyLoginPage1" name="login1" time="22.314"/>
  <system-out/>
  <testcase classname="TestCases.VerifyLoginPage1" name="login1" time="18.650"/>
  <system-out/>
</testsuite> <!-- TestCases.VerifyLoginPage1 -->
